<?xml version="1.0" encoding="UTF-8"?>
<!-- Generated by org.testng.reporters.JUnitReportReporter -->
<testsuite hostname="Mirouflyers-MBP" failures="0" tests="1" name="homePageTitle.TestHomePageTitle" time="9.395" errors="0" timestamp="26 Mar 2019 02:59:22 GMT" skipped="0">
  <testcase classname="homePageTitle.TestHomePageTitle" name="homePageTitle" time="9.395"/>
</testsuite> <!-- homePageTitle.TestHomePageTitle -->
