<?xml version="1.0" encoding="UTF-8"?>
<!-- Generated by org.testng.reporters.JUnitReportReporter -->
<testsuite hostname="Mirouflyers-MBP" failures="0" tests="1" name="homePageTitle.VerifyHomePageTitle" time="11.798" errors="0" timestamp="26 Mar 2019 00:00:38 GMT" skipped="0">
  <testcase classname="homePageTitle.VerifyHomePageTitle" name="titleTest" time="11.798"/>
</testsuite> <!-- homePageTitle.VerifyHomePageTitle -->
