<?xml version="1.0" encoding="UTF-8"?>
<!-- Generated by org.testng.reporters.JUnitReportReporter -->
<testsuite hostname="Mirouflyers-MBP" failures="0" tests="1" name="searchItems.TestSearchItemsFromExcel" time="40.750" errors="0" timestamp="28 Mar 2019 01:31:37 GMT" skipped="0">
  <testcase classname="searchItems.TestSearchItemsFromExcel" name="searchItems" time="40.750"/>
</testsuite> <!-- searchItems.TestSearchItemsFromExcel -->
